  [1m[35m (14.8ms)[0m  [1m[35mCREATE TABLE "schema_migrations" ("version" varchar NOT NULL PRIMARY KEY)[0m
  [1m[35m (0.7ms)[0m  [1m[35mCREATE TABLE "ar_internal_metadata" ("key" varchar NOT NULL PRIMARY KEY, "value" varchar, "created_at" datetime(6) NOT NULL, "updated_at" datetime(6) NOT NULL)[0m
  [1m[36mActiveRecord::InternalMetadata Load (0.2ms)[0m  [1m[34mSELECT * FROM "ar_internal_metadata" WHERE "ar_internal_metadata"."key" = ? ORDER BY "ar_internal_metadata"."key" ASC LIMIT 1[0m  [[nil, "environment"]]
  [1m[36mActiveRecord::InternalMetadata Create (0.9ms)[0m  [1m[32mINSERT INTO "ar_internal_metadata" ("key", "value", "created_at", "updated_at") VALUES ('environment', 'development', '2024-10-03 18:18:53.409610', '2024-10-03 18:18:53.409616') RETURNING "key"[0m
  [1m[36mActiveRecord::SchemaMigration Load (0.1ms)[0m  [1m[34mSELECT "schema_migrations"."version" FROM "schema_migrations" ORDER BY "schema_migrations"."version" ASC[0m
Started GET "/static_pages/about" for ::1 at 2024-10-03 11:43:42 -0700
  [1m[36mActiveRecord::SchemaMigration Load (0.4ms)[0m  [1m[34mSELECT "schema_migrations"."version" FROM "schema_migrations" ORDER BY "schema_migrations"."version" ASC[0m
Processing by StaticPagesController#about as HTML
  Rendering layout layouts/application.html.erb
  Rendering static_pages/about.html.erb within layouts/application
  Rendered static_pages/about.html.erb within layouts/application (Duration: 61.9ms | GC: 2.1ms)
  Rendered layout layouts/application.html.erb (Duration: 5396.9ms | GC: 68.3ms)
Completed 200 OK in 5530ms (Views: 5437.1ms | ActiveRecord: 0.0ms (0 queries, 0 cached) | GC: 96.1ms)


Started GET "/favicon.ico" for ::1 at 2024-10-03 11:43:49 -0700
  
ActionController::RoutingError (No route matches [GET] "/favicon.ico"):
  
Started GET "/static_pages/help" for ::1 at 2024-10-03 11:44:07 -0700
Processing by StaticPagesController#help as HTML
  Rendering layout layouts/application.html.erb
  Rendering static_pages/help.html.erb within layouts/application
  Rendered static_pages/help.html.erb within layouts/application (Duration: 0.8ms | GC: 0.0ms)
  Rendered layout layouts/application.html.erb (Duration: 10.2ms | GC: 0.0ms)
Completed 200 OK in 15ms (Views: 13.8ms | ActiveRecord: 0.0ms (0 queries, 0 cached) | GC: 0.0ms)


Started GET "/static_pages/contact" for ::1 at 2024-10-03 11:54:22 -0700
  [1m[36mActiveRecord::SchemaMigration Load (0.3ms)[0m  [1m[34mSELECT "schema_migrations"."version" FROM "schema_migrations" ORDER BY "schema_migrations"."version" ASC[0m
Processing by StaticPagesController#contact as HTML
  Rendering layout layouts/application.html.erb
  Rendering static_pages/contact.html.erb within layouts/application
  Rendered static_pages/contact.html.erb within layouts/application (Duration: 3.0ms | GC: 1.9ms)
  Rendered layout layouts/application.html.erb (Duration: 2188.5ms | GC: 31.0ms)
Completed 200 OK in 2335ms (Views: 2205.2ms | ActiveRecord: 0.0ms (0 queries, 0 cached) | GC: 67.2ms)


Started GET "/" for ::1 at 2024-10-03 11:54:41 -0700
Processing by StaticPagesController#home as HTML
  Rendering layout layouts/application.html.erb
  Rendering static_pages/home.html.erb within layouts/application
  Rendered static_pages/home.html.erb within layouts/application (Duration: 0.9ms | GC: 0.0ms)
  Rendered layout layouts/application.html.erb (Duration: 5.6ms | GC: 0.0ms)
Completed 200 OK in 8ms (Views: 6.5ms | ActiveRecord: 0.0ms (0 queries, 0 cached) | GC: 0.0ms)


Started GET "/" for 127.0.0.1 at 2024-10-26 14:20:45 -0700
  [1m[36mActiveRecord::SchemaMigration Load (0.4ms)[0m  [1m[34mSELECT "schema_migrations"."version" FROM "schema_migrations" ORDER BY "schema_migrations"."version" ASC[0m
Processing by StaticPagesController#home as HTML
  Rendering layout layouts/application.html.erb
  Rendering static_pages/home.html.erb within layouts/application
  Rendered static_pages/home.html.erb within layouts/application (Duration: 3059.8ms | GC: 35.8ms)
  Rendered layouts/_shim.html.erb (Duration: 0.6ms | GC: 0.0ms)
  Rendered layouts/_header.html.erb (Duration: 5.8ms | GC: 0.0ms)
  Rendered layouts/_footer.html.erb (Duration: 2.3ms | GC: 0.0ms)
  Rendered layout layouts/application.html.erb (Duration: 3389.8ms | GC: 35.8ms)
Completed 200 OK in 4534ms (Views: 3589.6ms | ActiveRecord: 0.0ms (0 queries, 0 cached) | GC: 153.7ms)


Started GET "/favicon.ico" for 127.0.0.1 at 2024-10-26 14:20:53 -0700
  
ActionController::RoutingError (No route matches [GET] "/favicon.ico"):
  
Started GET "/" for 127.0.0.1 at 2024-10-26 14:42:06 -0700
Processing by StaticPagesController#home as HTML
  Rendering layout layouts/application.html.erb
  Rendering static_pages/home.html.erb within layouts/application
  Rendered static_pages/home.html.erb within layouts/application (Duration: 8.6ms | GC: 0.0ms)
  Rendered layout layouts/application.html.erb (Duration: 475.0ms | GC: 0.0ms)
Completed 500 Internal Server Error in 483ms (ActiveRecord: 0.0ms (0 queries, 0 cached) | GC: 0.0ms)


  
LoadError (cannot load such file -- sassc):
  
app/views/layouts/application.html.erb:6
Started GET "/" for 127.0.0.1 at 2024-10-26 14:48:11 -0700
Processing by StaticPagesController#home as HTML
  Rendering layout layouts/application.html.erb
  Rendering static_pages/home.html.erb within layouts/application
  Rendered static_pages/home.html.erb within layouts/application (Duration: 3.2ms | GC: 0.0ms)
  Rendered layout layouts/application.html.erb (Duration: 69.5ms | GC: 2.1ms)
Completed 500 Internal Server Error in 72ms (ActiveRecord: 0.0ms (0 queries, 0 cached) | GC: 2.1ms)


  
LoadError (cannot load such file -- sassc):
  
app/views/layouts/application.html.erb:6
Started GET "/" for 127.0.0.1 at 2024-10-26 14:54:07 -0700
Processing by StaticPagesController#home as HTML
  Rendering layout layouts/application.html.erb
  Rendering static_pages/home.html.erb within layouts/application
  Rendered static_pages/home.html.erb within layouts/application (Duration: 42.3ms | GC: 5.6ms)
  Rendered layout layouts/application.html.erb (Duration: 137.9ms | GC: 10.3ms)
Completed 500 Internal Server Error in 158ms (ActiveRecord: 0.0ms (0 queries, 0 cached) | GC: 10.3ms)


  
LoadError (cannot load such file -- sassc):
  
app/views/layouts/application.html.erb:6
Started GET "/" for 127.0.0.1 at 2024-10-26 15:03:22 -0700
Processing by StaticPagesController#home as HTML
  Rendering layout layouts/application.html.erb
  Rendering static_pages/home.html.erb within layouts/application
  Rendered static_pages/home.html.erb within layouts/application (Duration: 2.3ms | GC: 0.0ms)
  Rendered layout layouts/application.html.erb (Duration: 115.2ms | GC: 1.0ms)
Completed 500 Internal Server Error in 152ms (ActiveRecord: 0.0ms (0 queries, 0 cached) | GC: 1.0ms)


  
LoadError (cannot load such file -- sassc):
  
app/views/layouts/application.html.erb:6
Started GET "/" for 127.0.0.1 at 2024-10-26 15:06:30 -0700
Processing by StaticPagesController#home as HTML
  Rendering layout layouts/application.html.erb
  Rendering static_pages/home.html.erb within layouts/application
  Rendered static_pages/home.html.erb within layouts/application (Duration: 43.2ms | GC: 9.5ms)
  Rendered layout layouts/application.html.erb (Duration: 191.6ms | GC: 56.8ms)
Completed 500 Internal Server Error in 220ms (ActiveRecord: 0.0ms (0 queries, 0 cached) | GC: 62.6ms)


  
LoadError (cannot load such file -- sassc):
  
app/views/layouts/application.html.erb:6
Started GET "/" for 127.0.0.1 at 2024-10-26 15:09:54 -0700
Processing by StaticPagesController#home as HTML
  Rendering layout layouts/application.html.erb
  Rendering static_pages/home.html.erb within layouts/application
  Rendered static_pages/home.html.erb within layouts/application (Duration: 5.5ms | GC: 0.0ms)
  Rendered layout layouts/application.html.erb (Duration: 47.4ms | GC: 0.0ms)
Completed 500 Internal Server Error in 130ms (ActiveRecord: 0.0ms (0 queries, 0 cached) | GC: 0.0ms)


  
LoadError (cannot load such file -- sassc):
  
app/views/layouts/application.html.erb:6
Started GET "/" for 127.0.0.1 at 2024-10-26 15:12:34 -0700
Processing by StaticPagesController#home as HTML
  Rendering layout layouts/application.html.erb
  Rendering static_pages/home.html.erb within layouts/application
  Rendered static_pages/home.html.erb within layouts/application (Duration: 19.7ms | GC: 0.0ms)
  Rendered layout layouts/application.html.erb (Duration: 116.1ms | GC: 1.2ms)
Completed 500 Internal Server Error in 172ms (ActiveRecord: 0.0ms (0 queries, 0 cached) | GC: 1.2ms)


  
LoadError (cannot load such file -- sassc):
  
app/views/layouts/application.html.erb:6
Started GET "/" for 127.0.0.1 at 2024-10-26 15:14:04 -0700
  [1m[36mActiveRecord::SchemaMigration Load (0.3ms)[0m  [1m[34mSELECT "schema_migrations"."version" FROM "schema_migrations" ORDER BY "schema_migrations"."version" ASC[0m
Processing by StaticPagesController#home as HTML
  Rendering layout layouts/application.html.erb
  Rendering static_pages/home.html.erb within layouts/application
  Rendered static_pages/home.html.erb within layouts/application (Duration: 17744.0ms | GC: 457.5ms)
  Rendered layouts/_shim.html.erb (Duration: 0.6ms | GC: 0.0ms)
  Rendered layouts/_header.html.erb (Duration: 1.3ms | GC: 0.0ms)
  Rendered layouts/_footer.html.erb (Duration: 0.7ms | GC: 0.0ms)
  Rendered layout layouts/application.html.erb (Duration: 17910.4ms | GC: 466.7ms)
Completed 200 OK in 17951ms (Views: 17916.6ms | ActiveRecord: 0.0ms (0 queries, 0 cached) | GC: 468.6ms)


Started GET "/favicon.ico" for 127.0.0.1 at 2024-10-26 15:14:24 -0700
  
ActionController::RoutingError (No route matches [GET] "/favicon.ico"):
  
Started GET "/" for 127.0.0.1 at 2024-10-26 15:14:51 -0700
Processing by StaticPagesController#home as HTML
  Rendering layout layouts/application.html.erb
  Rendering static_pages/home.html.erb within layouts/application
  Rendered static_pages/home.html.erb within layouts/application (Duration: 2.2ms | GC: 0.0ms)
  Rendered layouts/_shim.html.erb (Duration: 0.1ms | GC: 0.0ms)
  Rendered layouts/_header.html.erb (Duration: 0.3ms | GC: 0.0ms)
  Rendered layouts/_footer.html.erb (Duration: 0.1ms | GC: 0.0ms)
  Rendered layout layouts/application.html.erb (Duration: 205.3ms | GC: 0.0ms)
Completed 200 OK in 214ms (Views: 205.9ms | ActiveRecord: 0.0ms (0 queries, 0 cached) | GC: 0.0ms)


Started GET "/" for 127.0.0.1 at 2024-10-26 15:14:55 -0700
Processing by StaticPagesController#home as HTML
  Rendering layout layouts/application.html.erb
  Rendering static_pages/home.html.erb within layouts/application
  Rendered static_pages/home.html.erb within layouts/application (Duration: 153.3ms | GC: 0.0ms)
  Rendered layouts/_shim.html.erb (Duration: 0.1ms | GC: 0.0ms)
  Rendered layouts/_header.html.erb (Duration: 0.3ms | GC: 0.0ms)
  Rendered layouts/_footer.html.erb (Duration: 0.1ms | GC: 0.0ms)
  Rendered layout layouts/application.html.erb (Duration: 335.0ms | GC: 0.0ms)
Completed 200 OK in 401ms (Views: 399.0ms | ActiveRecord: 0.0ms (0 queries, 0 cached) | GC: 0.0ms)


Started GET "/" for 127.0.0.1 at 2024-10-26 15:18:06 -0700
Processing by StaticPagesController#home as HTML
  Rendering layout layouts/application.html.erb
  Rendering static_pages/home.html.erb within layouts/application
  Rendered static_pages/home.html.erb within layouts/application (Duration: 8.8ms | GC: 0.0ms)
  Rendered layouts/_shim.html.erb (Duration: 0.1ms | GC: 0.0ms)
  Rendered layouts/_header.html.erb (Duration: 0.2ms | GC: 0.0ms)
  Rendered layouts/_footer.html.erb (Duration: 0.1ms | GC: 0.0ms)
  Rendered layout layouts/application.html.erb (Duration: 1863.8ms | GC: 34.3ms)
Completed 200 OK in 1868ms (Views: 1865.4ms | ActiveRecord: 0.0ms (0 queries, 0 cached) | GC: 34.3ms)


Started GET "/" for 127.0.0.1 at 2024-10-26 15:19:32 -0700
Processing by StaticPagesController#home as HTML
  Rendering layout layouts/application.html.erb
  Rendering static_pages/home.html.erb within layouts/application
  Rendered static_pages/home.html.erb within layouts/application (Duration: 5.2ms | GC: 0.0ms)
  Rendered layouts/_shim.html.erb (Duration: 0.1ms | GC: 0.0ms)
  Rendered layouts/_header.html.erb (Duration: 0.3ms | GC: 0.0ms)
  Rendered layouts/_footer.html.erb (Duration: 0.1ms | GC: 0.0ms)
  Rendered layout layouts/application.html.erb (Duration: 4141.9ms | GC: 37.0ms)
Completed 200 OK in 4148ms (Views: 4143.0ms | ActiveRecord: 0.0ms (0 queries, 0 cached) | GC: 37.0ms)


Started GET "/" for 127.0.0.1 at 2024-10-26 15:20:24 -0700
Processing by StaticPagesController#home as HTML
  Rendering layout layouts/application.html.erb
  Rendering static_pages/home.html.erb within layouts/application
  Rendered static_pages/home.html.erb within layouts/application (Duration: 4.8ms | GC: 0.4ms)
  Rendered layouts/_shim.html.erb (Duration: 0.1ms | GC: 0.0ms)
  Rendered layouts/_header.html.erb (Duration: 0.2ms | GC: 0.0ms)
  Rendered layouts/_footer.html.erb (Duration: 0.2ms | GC: 0.0ms)
  Rendered layout layouts/application.html.erb (Duration: 1862.0ms | GC: 13.7ms)
Completed 200 OK in 1874ms (Views: 1871.7ms | ActiveRecord: 0.0ms (0 queries, 0 cached) | GC: 13.7ms)


Started GET "/" for 127.0.0.1 at 2024-10-26 15:22:52 -0700
Processing by StaticPagesController#home as HTML
  Rendering layout layouts/application.html.erb
  Rendering static_pages/home.html.erb within layouts/application
  Rendered static_pages/home.html.erb within layouts/application (Duration: 3.4ms | GC: 0.0ms)
  Rendered layouts/_shim.html.erb (Duration: 0.7ms | GC: 0.0ms)
  Rendered layouts/_header.html.erb (Duration: 0.7ms | GC: 0.0ms)
  Rendered layouts/_footer.html.erb (Duration: 16.5ms | GC: 0.0ms)
  Rendered layout layouts/application.html.erb (Duration: 106.1ms | GC: 0.0ms)
Completed 200 OK in 115ms (Views: 111.0ms | ActiveRecord: 0.0ms (0 queries, 0 cached) | GC: 0.0ms)


Started GET "/" for 127.0.0.1 at 2024-10-26 15:44:44 -0700
  [1m[36mActiveRecord::SchemaMigration Load (0.4ms)[0m  [1m[34mSELECT "schema_migrations"."version" FROM "schema_migrations" ORDER BY "schema_migrations"."version" ASC[0m
Processing by StaticPagesController#home as HTML
  Rendering layout layouts/application.html.erb
  Rendering static_pages/home.html.erb within layouts/application
  Rendered static_pages/home.html.erb within layouts/application (Duration: 2947.9ms | GC: 204.4ms)
  Rendered layouts/_shim.html.erb (Duration: 0.4ms | GC: 0.0ms)
  Rendered layouts/_header.html.erb (Duration: 1.0ms | GC: 0.0ms)
  Rendered layouts/_footer.html.erb (Duration: 0.5ms | GC: 0.0ms)
  Rendered layout layouts/application.html.erb (Duration: 2977.9ms | GC: 204.4ms)
Completed 200 OK in 3007ms (Views: 2983.9ms | ActiveRecord: 0.0ms (0 queries, 0 cached) | GC: 206.7ms)


Started GET "/" for 127.0.0.1 at 2024-10-26 16:04:08 -0700
Processing by StaticPagesController#home as HTML
  Rendering layout layouts/application.html.erb
  Rendering static_pages/home.html.erb within layouts/application
  Rendered static_pages/home.html.erb within layouts/application (Duration: 18.8ms | GC: 0.0ms)
  Rendered layouts/_shim.html.erb (Duration: 0.1ms | GC: 0.0ms)
  Rendered layouts/_header.html.erb (Duration: 0.4ms | GC: 0.0ms)
  Rendered layouts/_footer.html.erb (Duration: 0.2ms | GC: 0.0ms)
  Rendered layout layouts/application.html.erb (Duration: 2403.1ms | GC: 67.9ms)
Completed 200 OK in 2410ms (Views: 2404.1ms | ActiveRecord: 0.0ms (0 queries, 0 cached) | GC: 67.9ms)


